<?xml version="1.0" encoding="UTF-8"?>
<!-- Generated by org.testng.reporters.JUnitReportReporter -->
<testsuite skipped="0" hostname="Compaq510" name="TC002_Post_Request" tests="1" failures="0" timestamp="2021-05-25T08:44:29 IST" time="3.980" errors="0">
  <testcase name="postRequest" time="3.980" classname="TC002_Post_Request"/>
  <system-out/>
</testsuite> <!-- TC002_Post_Request -->
