<?xml version="1.0" encoding="UTF-8"?>
<!-- Generated by org.testng.reporters.JUnitReportReporter -->
<testsuite skipped="0" hostname="Compaq510" name="GetRequest" tests="1" failures="0" timestamp="2021-05-25T07:54:57 IST" time="4.186" errors="0">
  <testcase name="getDetails" time="4.186" classname="GetRequest"/>
  <system-out/>
</testsuite> <!-- GetRequest -->
